


ARM Macro Assembler    Page 1 


    1 00000000         ;/******************************************************
                       ********************//**
    2 00000000         ; * @file     startup_LPC17xx.s
    3 00000000         ; * @brief    CMSIS Cortex-M3 Core Device Startup File f
                       or
    4 00000000         ; *           NXP LPC17xx Device Series
    5 00000000         ; * @version  V1.10
    6 00000000         ; * @date     06. April 2011
    7 00000000         ; *
    8 00000000         ; * @note
    9 00000000         ; * Copyright (C) 2009-2011 ARM Limited. All rights rese
                       rved.
   10 00000000         ; *
   11 00000000         ; * @par
   12 00000000         ; * ARM Limited (ARM) is supplying this software for use
                        with Cortex-M
   13 00000000         ; * processor based microcontrollers.  This file can be 
                       freely distributed
   14 00000000         ; * within development tools that are supporting such AR
                       M based processors.
   15 00000000         ; *
   16 00000000         ; * @par
   17 00000000         ; * THIS SOFTWARE IS PROVIDED "AS IS".  NO WARRANTIES, W
                       HETHER EXPRESS, IMPLIED
   18 00000000         ; * OR STATUTORY, INCLUDING, BUT NOT LIMITED TO, IMPLIED
                        WARRANTIES OF
   19 00000000         ; * MERCHANTABILITY AND FITNESS FOR A PARTICULAR PURPOSE
                        APPLY TO THIS SOFTWARE.
   20 00000000         ; * ARM SHALL NOT, IN ANY CIRCUMSTANCES, BE LIABLE FOR S
                       PECIAL, INCIDENTAL, OR
   21 00000000         ; * CONSEQUENTIAL DAMAGES, FOR ANY REASON WHATSOEVER.
   22 00000000         ; *
   23 00000000         ; ******************************************************
                       ************************/
   24 00000000         
   25 00000000         ; *------- <<< Use Configuration Wizard in Context Menu 
                       >>> ------------------
   26 00000000         
   27 00000000         ; <h> Stack Configuration
   28 00000000         ;   <o> Stack Size (in Bytes) <0x0-0xFFFFFFFF:8>
   29 00000000         ; </h>
   30 00000000         
   31 00000000 00000200 
                       Stack_Size
                               EQU              0x00000200
   32 00000000         
   33 00000000                 AREA             STACK, NOINIT, READWRITE, ALIGN
=3
   34 00000000         Stack_Mem
                               SPACE            Stack_Size
   35 00000200         __initial_sp
   36 00000200         
   37 00000200         
   38 00000200         ; <h> Heap Configuration
   39 00000200         ;   <o>  Heap Size (in Bytes) <0x0-0xFFFFFFFF:8>
   40 00000200         ; </h>
   41 00000200         
   42 00000200 00000000 
                       Heap_Size



ARM Macro Assembler    Page 2 


                               EQU              0x00000000
   43 00000200         
   44 00000200                 AREA             HEAP, NOINIT, READWRITE, ALIGN=
3
   45 00000000         __heap_base
   46 00000000         Heap_Mem
                               SPACE            Heap_Size
   47 00000000         __heap_limit
   48 00000000         
   49 00000000         
   50 00000000                 PRESERVE8
   51 00000000                 THUMB
   52 00000000         
   53 00000000         
   54 00000000         ; Vector Table Mapped to Address 0 at Reset
   55 00000000         
   56 00000000                 AREA             RESET, DATA, READONLY
   57 00000000                 EXPORT           __Vectors
   58 00000000         
   59 00000000 00000000 
                       __Vectors
                               DCD              __initial_sp ; Top of Stack
   60 00000004 00000000        DCD              Reset_Handler ; Reset Handler
   61 00000008 00000000        DCD              NMI_Handler ; NMI Handler
   62 0000000C 00000000        DCD              HardFault_Handler ; Hard Fault 
                                                            Handler
   63 00000010 00000000        DCD              MemManage_Handler 
                                                            ; MPU Fault Handler
                                                            
   64 00000014 00000000        DCD              BusFault_Handler 
                                                            ; Bus Fault Handler
                                                            
   65 00000018 00000000        DCD              UsageFault_Handler ; Usage Faul
                                                            t Handler
   66 0000001C 00000000        DCD              0           ; Reserved
   67 00000020 00000000        DCD              0           ; Reserved
   68 00000024 00000000        DCD              0           ; Reserved
   69 00000028 00000000        DCD              0           ; Reserved
   70 0000002C 00000000        DCD              SVC_Handler ; SVCall Handler
   71 00000030 00000000        DCD              DebugMon_Handler ; Debug Monito
                                                            r Handler
   72 00000034 00000000        DCD              0           ; Reserved
   73 00000038 00000000        DCD              PendSV_Handler ; PendSV Handler
                                                            
   74 0000003C 00000000        DCD              SysTick_Handler 
                                                            ; SysTick Handler
   75 00000040         
   76 00000040         ; External Interrupts
   77 00000040 00000000        DCD              WDT_IRQHandler ; 16: Watchdog T
                                                            imer
   78 00000044 00000000        DCD              TIMER0_IRQHandler ; 17: Timer0
   79 00000048 00000000        DCD              TIMER1_IRQHandler ; 18: Timer1
   80 0000004C 00000000        DCD              TIMER2_IRQHandler ; 19: Timer2
   81 00000050 00000000        DCD              TIMER3_IRQHandler ; 20: Timer3
   82 00000054 00000000        DCD              UART0_IRQHandler ; 21: UART0
   83 00000058 00000000        DCD              UART1_IRQHandler ; 22: UART1
   84 0000005C 00000000        DCD              UART2_IRQHandler ; 23: UART2
   85 00000060 00000000        DCD              UART3_IRQHandler ; 24: UART3
   86 00000064 00000000        DCD              PWM1_IRQHandler ; 25: PWM1



ARM Macro Assembler    Page 3 


   87 00000068 00000000        DCD              I2C0_IRQHandler ; 26: I2C0
   88 0000006C 00000000        DCD              I2C1_IRQHandler ; 27: I2C1
   89 00000070 00000000        DCD              I2C2_IRQHandler ; 28: I2C2
   90 00000074 00000000        DCD              SPI_IRQHandler ; 29: SPI
   91 00000078 00000000        DCD              SSP0_IRQHandler ; 30: SSP0
   92 0000007C 00000000        DCD              SSP1_IRQHandler ; 31: SSP1
   93 00000080 00000000        DCD              PLL0_IRQHandler ; 32: PLL0 Lock
                                                             (Main PLL)
   94 00000084 00000000        DCD              RTC_IRQHandler ; 33: Real Time 
                                                            Clock
   95 00000088 00000000        DCD              EINT0_IRQHandler ; 34: External
                                                             Interrupt 0
   96 0000008C 00000000        DCD              EINT1_IRQHandler ; 35: External
                                                             Interrupt 1
   97 00000090 00000000        DCD              EINT2_IRQHandler ; 36: External
                                                             Interrupt 2
   98 00000094 00000000        DCD              EINT3_IRQHandler ; 37: External
                                                             Interrupt 3
   99 00000098 00000000        DCD              ADC_IRQHandler 
                                                            ; 38: A/D Converter
                                                            
  100 0000009C 00000000        DCD              BOD_IRQHandler ; 39: Brown-Out 
                                                            Detect
  101 000000A0 00000000        DCD              USB_IRQHandler ; 40: USB
  102 000000A4 00000000        DCD              CAN_IRQHandler ; 41: CAN
  103 000000A8 00000000        DCD              DMA_IRQHandler ; 42: General Pu
                                                            rpose DMA
  104 000000AC 00000000        DCD              I2S_IRQHandler ; 43: I2S
  105 000000B0 00000000        DCD              ENET_IRQHandler ; 44: Ethernet
  106 000000B4 00000000        DCD              RIT_IRQHandler ; 45: Repetitive
                                                             Interrupt Timer
  107 000000B8 00000000        DCD              MCPWM_IRQHandler ; 46: Motor Co
                                                            ntrol PWM
  108 000000BC 00000000        DCD              QEI_IRQHandler ; 47: Quadrature
                                                             Encoder Interface
  109 000000C0 00000000        DCD              PLL1_IRQHandler ; 48: PLL1 Lock
                                                             (USB PLL)
  110 000000C4 00000000        DCD              USBActivity_IRQHandler ; 49: US
                                                            B Activity interrup
                                                            t to wakeup
  111 000000C8 00000000        DCD              CANActivity_IRQHandler ; 50: CA
                                                            N Activity interrup
                                                            t to wakeup
  112 000000CC         
  113 000000CC         
  114 000000CC                 IF               :LNOT::DEF:NO_CRP
  115 000000CC                 AREA             |.ARM.__at_0x02FC|, CODE, READO
NLY
  116 00000000 FFFFFFFF 
                       CRP_Key DCD              0xFFFFFFFF
  117 00000004                 ENDIF
  118 00000004         
  119 00000004                 AREA             matrixDeclaration, DATA, READWR
ITE
  120 00000000 00 00 00 
              00 00 00 
              00 00 00 
              00 00 00 
              00 00 00 



ARM Macro Assembler    Page 4 


              00 00 00 
              00 00 00 
              00 00 00 
              00 00 00 
              00 00 00 
              00 00 00 
              00 00 00 
              00 00 00 
              00 00 00 
              00 00 00 
              00 00 00 
              00 00 00 
              00 00 00 
              00 00 00 
              00 00 00 
              00 00 00 
              00 00 00 
              00 00 00 
              00 00 00 
              00 00 00 
              00 00 00 
              00 00 00 
              00 00 00 
              00 00 00 
              00 00 00 
              00 00 00 
              00 00 00 
              00 00 00 
              00 00 00 
              00 00 00 
              00 00 00 
              00 00 00 
              00 00 00 
              00 00 00 
              00 00 00 
              00 00 00 
              00 00 00 
              00 00 00 
              00 00 00 
              00 00 00 
              00 00 00 
              00 00 00 
              00 00 00 
              00 00 00 
              00 00 00 
              00 00 00 
              00 00 00 
              00 00 00 
              00 00 00 
              00 00 00 
              00 00 00 
              00 00 00 
              00 00 00 
              00 00 00 
              00 00 00 
              00 00 00 
              00 00 00 
              00 00 00 
              00 00 00 



ARM Macro Assembler    Page 5 


              00 00 00 
              00 00 00 
              00 00 00 
              00 00 00 
              00 00 00 
              00 00 00 
              00 00 00 
              00 00 00 
              00 00 00 
              00 00 00 
              00 00 00 
              00 00 00 
              00 00 00 
              00 00 00 
              00 00 00 
              00 00 00 
              00 00 00 
              00 00 00 
              00 00 00 
              00 00 00 
              00 00 00 
              00 00 00 
              00 00 00 
              00 00 00 
              00 00 00 
              00 00 00 
              00 00 00 
              00 00 00 
              00 00 00 
              00 00 00 
              00 00 00 
              00 00 00 
              00 00 00 
              00 00 00 
              00 00 00 
              00 00 00 
              00 00 00 
              00 00 00 
              00 00 00 
              00 00 00 
              00 00 00 
              00 00 00 
              00 00 00 
              00 00 00 
              00 00 00 
              00 00 00 
              00 00 00 
              00 00 00 
              00 00 00 
              00 00 00 
              00 00 00 
              00 00 00 
              00 00 00 
              00 00 00 
              00 00 00 
              00 00 00 
              00 00 00 
              00 00 00 
              00 00 00 



ARM Macro Assembler    Page 6 


              00 00 00 
              00 00 00 
              00 00 00 
              00 00 00 
              00 00 00 
              00 00 00 
              00 00 00 
              00 00 00 
              00 00 00 
              00 00 00 
              00 00 00 
              00 00 00 
              00 00 00 
              00 00 00 
              00 00 00 
              00 00 00 
              00 00 00 
              00 00 00 
              00 00 00 
              00 00 00 
              00 00 00 
              00 00 00 
              00 00 00 
              00 00 00 
              00 00 00 
              00 00 00 
              00 00 00 
              00 00 00 
              00 00 00 
              00 00 00 
              00 00 00 
              00 00 00 
              00 00 00 
              00 00 00 
              00 00 00 
              00 00 00 
              00 00 00 
              00 00 00 
              00 00 00 
              00 00 00 
              00 00 00 
              00 00 00 
              00 00 00 
              00 00 00 
              00 00 00 
              00 00 00 
              00 00 00 
              00 00 00 
              00 00 00 
              00 00 00 
              00 00 00 
              00 00 00 
              00 00 00 
              00 00 00 
              00 00 00 
              00 00 00 
              00 00 00 
              00 00 00 
              00 00 00 



ARM Macro Assembler    Page 7 


              00 00 00 
              00 00 00 
              00 00 00 
              00 00 00 
              00 00 00 
              00 00 00 
              00 00 00 
              00 00 00 
              00 00 00 
              00 00 00 
              00 00 00 
              00 00 00 
              00 00 00 
              00 00 00 
              00 00 00 
              00 00 00 
              00 00 00 
              00 00 00 
              00 00 00 
              00 00 00 
              00 00 00 
              00 00 00 
              00 00 00 
              00 00 00 
              00 00 00 
              00 00 00 
              00 00 00 
              00 00 00 
              00 00 00 
              00 00 00 
              00 00 00 
              00 00 00 
              00 00 00 
              00 00 00 
              00 00 00 
              00 00 00 
              00 00 00 
              00 00 00 
              00 00 00 
              00 00 00 
              00 00 00 
              00 00 00 
              00 00 00 
              00 00 00 
              00 00 00 
              00 00 00 
              00 00 00 
              00 00 00 
              00 00 00 
              00 00 00 
              00 00 00 
              00 00 00 
              00 00 00 
              00 00 00 
              00 00 00 
              00 00 00 
              00 00 00 
              00 00 00 
              00 00 00 



ARM Macro Assembler    Page 8 


              00 00 00 
              00 00 00 
              00 00 00 
              00 00 00 
              00 00 00 
              00 00 00 
              00 00 00 
              00 00 00 
              00 00 00 
              00 00 00 
              00 00 00 
              00 00 00 
              00 00 00 
              00 00 00 
              00 00 00 
              00 00 00 
              00 00 00 
              00 00 00 
              00 00 00 
              00 00 00 
              00 00 00 
              00 00 00 
              00 00 00 
              00 00 00 
              00 00 00 
              00 00 00 
              00 00 00 
              00 00 00 
              00 00 00 
              00 00 00 
              00 00 00 
              00 00 00 
              00 00 00 
              00 00 00 
              00 00 00 
              00 00 00 
              00 00 00 
              00 00 00 
              00 00 00 
              00 00 00 
              00 00 00 
              00 00 00 
              00 00 00 
              00 00 00 
              00 00 00 
              00 00 00 
              00 00 00 
              00 00 00 
              00 00 00 
              00 00 00 
              00 00 00 
              00 00 00 
              00 00 00 
              00 00 00 
              00 00 00 
              00 00 00 
              00 00 00 
              00 00 00 
              00 00 00 



ARM Macro Assembler    Page 9 


              00 00 00 
              00 00 00 
              00 00 00 
              00 00 00 
              00 00 00 
              00 00 00 
              00 00 00 
              00 00 00 
              00 00 00 
              00 00 00 
              00 00 00 
              00 00 00 
              00 00 00 
              00 00 00 
              00 00 00 
              00 00 00 
              00 00 00 
              00 00 00 
              00 00 00 
              00 00 00 
              00 00 00 
              00 00 00 
              00 00 00 
              00 00 00 
              00 00 00 
              00 00 00 
              00 00 00 
              00 00 00 
              00 00 00 
              00 00 00 
              00 00 00 
              00 00 00 
              00 00 00 
              00 00 00 
              00 00 00 
              00 00 00 
              00 00 00 
              00 00 00 
              00 00 00 
              00 00 00 
              00 00 00 
              00 00 00 
              00 00 00 
              00 00 00 
              00 00 00 
              00 00 00 
              00 00 00 
              00 00 00 
              00 00 00 
              00 00 00 
              00 00 00 
              00 00 00 
              00 00 00 
              00 00 00 
              00 00 00 
              00 00 00 
              00 00 00 
              00 00 00 
              00 00 00 



ARM Macro Assembler    Page 10 


              00 00 00 
              00 00 00 
              00 00 00 
              00 00 00 
              00 00 00 
              00 00 00 
              00 00 00 
              00 00 00 
              00 00 00 
              00 00 00 
              00 00 00 
              00 00 00 
              00 00 00 
              00 00 00 
              00 00 00 
              00 00 00 
              00 00 00 
              00 00 00 
              00 00 00 
              00 00 00 
              00 00 00 
              00 00 00 
              00 00 00 
              00 00 00 
              00 00 00 
              00 00 00 
              00 00 00 
              00 00 00 
              00 00 00 
              00 00 00 
              00 00 00 
              00 00 00 
              00 00 00 
              00 00 00 
              00 00 00 
              00 00 00 
              00 00 00 
              00 00 00 
              00 00 00 
              00 00 00 
              00 00 00 
              00 00 00 
              00 00 00 
              00 00 00 
              00 00 00 
              00 00 00 
              00 00 00 
              00 00 00 
              00 00 00 
              00 00 00 
              00 00 00 
              00 00 00 
              00 00 00 
              00 00 00 
              00 00 00 
              00 00 00 
              00 00 00 
              00 00 00 
              00 00 00 



ARM Macro Assembler    Page 11 


              00 00 00 
              00 00 00 
              00 00 00 
              00 00 00 
              00 00 00 
              00 00 00 
              00 00 00 
              00 00 00 
              00 00 00 
              00 00 00 
              00 00 00 
              00 00 00 
              00 00 00 
              00 00 00 
              00 00 00 
              00 00 00 
              00 00 00 
              00 00 00 
              00 00 00 
              00 00 00 
              00 00 00 
              00 00 00 
              00 00 00 
              00 00 00 
              00 00 00 
              00 00 00 
              00 00 00 
              00 00 00 
              00 00 00 
              00 00 00 
              00 00 00 
              00 00 00 
              00 00 00 
              00 00 00 
              00 00 00 
              00 00 00 
              00 00 00 
              00 00 00 
              00 00 00 
              00 00 00 
              00 00 00 
              00 00 00 
              00 00 00 
              00 00 00 
              00 00 00 
              00 00 00 
              00 00 00 
              00 00 00 
              00 00 00 
              00 00 00 
              00 00 00 
              00 00 00 
              00 00 00 
              00 00 00 
              00 00 00 
              00 00 00 
              00 00 00 
              00 00 00 
              00 00 00 



ARM Macro Assembler    Page 12 


              00 00 00 
              00 00 00 
              00 00 00 
              00 00 00 
              00 00 00 
              00 00 00 
              00 00 00 
              00 00 00 
              00 00 00 
              00 00 00 
              00 00 00 
              00 00 00 
              00 00 00 
              00 00 00 
              00 00 00 
              00 00 00 
              00 00 00 
              00 00 00 
              00 00 00 
              00 00 00 
              00 00 00 
              00 00 00 
              00 00 00 
              00 00 00 
              00 00 00 
              00 00 00 
              00 00 00 
              00 00 00 
              00 00 00 
              00 00 00 
              00 00 00 
              00 00 00 
              00 00 00 
              00 00 00 
              00 00 00 
              00 00 00 
              00 00 00 
              00 00 00 
              00 00 00 
              00 00 00 
              00 00 00 
              00 00 00 
              00 00 00 
              00 00 00 
              00 00 00 
              00 00 00 
              00 00 00 
              00 00 00 
              00 00 00 
              00 00 00 
              00 00 00 
              00 00 00 
              00 00 00 
              00 00 00 
              00 00 00 
              00 00 00 
              00 00 00 
              00 00 00 
              00 00 00 



ARM Macro Assembler    Page 13 


              00 00 00 
              00 00 00 
              00 00 00 
              00 00 00 
              00 00 00 
              00 00 00 
              00 00 00 
              00 00 00 
              00 00 00 
              00 00 00 
              00 00 00 
              00 00 00 
              00 00 00 
              00 00 00 
              00 00 00 
              00 00 00 
              00 00 00 
              00 00 00 
              00 00 00 
              00 00 00 
              00 00 00 
              00 00 00 
              00 00 00 
              00 00 00 
              00 00 00 
              00 00 00 
              00 00 00 
              00 00 00 
              00 00 00 
              00 00 00 
              00 00 00 
              00 00 00 
              00 00 00 
              00 00 00 
              00 00 00 
              00 00 00 
              00 00 00 
              00 00 00 
              00 00 00 
              00 00 00 
              00 00 00 
              00 00 00 
              00 00 00 
              00 00 00 
              00 00 00 
              00 00 00 
              00 00 00 
              00 00 00 
              00 00 00 
              00 00 00 
              00 00 00 
              00 00 00 
              00 00 00 
              00 00 00 
              00 00 00 
              00 00 00 
              00 00 00 
              00 00 00 
              00 00 00 



ARM Macro Assembler    Page 14 


              00 00 00 
              00 00 00 
              00 00 00 
              00 00 00 
              00 00 00 
              00 00 00 
              00 00 00 
              00 00 00 
              00 00 00 
              00 00 00 
              00 00 00 
              00 00 00 
              00 00 00 
              00 00 00 
              00 00 00 
              00 00 00 
              00 00 00 
              00 00 00 
              00 00 00 
              00 00 00 
              00 00 00 
              00 00 00 
              00 00 00 
              00 00 00 
              00 00 00 
              00 00 00 
              00 00 00 
              00 00 00 
              00 00 00 
              00 00 00 
              00 00 00 
              00 00 00 
              00 00 00 
              00 00 00 
              00 00 00 
              00 00 00 
              00 00 00 
              00 00 00 
              00 00 00 
              00 00 00 
              00 00 00 
              00 00 00 
              00 00 00 
              00 00 00 
              00 00 00 
              00 00 00 
              00 00 00 
              00 00 00 
              00 00 00 
              00 00 00 
              00 00 00 
              00 00 00 
              00 00 00 
              00 00 00 
              00 00 00 
              00 00 00 
              00 00 00 
              00 00 00 
              00 00 00 



ARM Macro Assembler    Page 15 


              00 00 00 
              00 00 00 
              00 00 00 
              00 00 00 
              00 00 00 
              00 00 00 
              00 00 00 
              00 00 00 
              00 00 00 
              00 00 00 
              00 00 00 
              00 00 00 
              00 00 00 
              00 00 00 
              00 00 00 
              00 00 00 
              00 00 00 
              00 00 00 
              00 00 00 
              00 00 00 
              00 00 00 
              00 00 00 
              00 00 00 
              00 00 00 
              00 00 00 
              00 00 00 
              00 00 00 
              00 00 00 
              00 00 00 
              00 00 00 
              00 00 00 
              00 00 00 
              00 00 00 
              00 00 00 
              00 00 00 
              00 00 00 
              00 00 00 
              00 00 00 
              00 00 00 
              00 00 00 
              00 00 00 
              00 00 00 
              00 00 00 
              00 00 00 
              00 00 00 
              00 00 00 
              00 00 00 
              00 00 00 
              00 00 00 
              00 00 00 
              00 00 00 
              00 00 00 
              00 00 00 
              00 00 00 
              00 00 00 
              00 00 00 
              00 00 00 
              00 00 00 
              00 00 00 



ARM Macro Assembler    Page 16 


              00 00 00 
              00 00 00 
              00 00 00 
              00 00 00 
              00 00 00 
              00 00 00 
              00 00 00 
              00 00 00 
              00 00 00 
              00 00 00 
              00 00 00 
              00 00 00 
              00 00 00 
              00 00 00 
              00 00 00 
              00 00 00 
              00 00 00 
              00 00 00 
              00 00 00 
              00 00 00 
              00 00 00 
              00 00 00 
              00 00 00 
              00 00 00 
              00 00 00 
              00 00 00 
              00 00 00 
              00 00 00 
              00 00 00 
              00 00 00 
              00 00 00 
              00 00 00 
              00 00 00 
              00 00 00 
              00 00 00 
              00 00 00 
              00 00 00 
              00 00 00 
              00 00 00 
              00 00 00 
              00 00 00 
              00 00 00 
              00 00 00 
              00 00 00 
              00 00 00 
              00 00 00 
              00 00 00 
              00 00 00 
              00 00 00 
              00 00 00 
              00 00 00 
              00 00 00 
              00 00 00 
              00 00 00 
              00 00 00 
              00 00 00 
              00 00 00 
              00 00 00 
              00 00 00 



ARM Macro Assembler    Page 17 


              00 00 00 
              00 00 00 
              00 00 00 
              00 00 00 
              00 00 00 
              00 00 00 
              00 00 00 
              00 00 00 
              00 00 00 
              00 00 00 
              00 00 00 
              00 00 00 
              00 00 00 
              00 00 00 
              00 00 00 
              00 00 00 
              00 00 00 
              00 00 00 
              00 00 00 
              00 00 00 
              00 00 00 
              00 00 00 
              00 00 00 
              00 00 00 
              00 00 00 
              00 00 00 
              00 00 00 
              00 00 00 
              00 00 00 
              00 00 00 
              00 00 00 
              00 00 00 
              00 00 00 
              00 00 00 
              00 00 00 
              00 00 00 
              00 00 00 
              00 00 00 
              00 00 00 
              00 00 00 
              00 00 00 
              00 00 00 
              00 00 00 
              00 00 00 
              00 00 00 
              00 00 00 
              00 00 00 
              00 00 00 
              00 00 00 
              00 00 00 
              00 00 00 
              00 00 00 
              00 00 00 
              00 00 00 
              00 00 00 
              00 00 00 
              00 00 00 
              00 00 00 
              00 00 00 



ARM Macro Assembler    Page 18 


              00 00 00 
              00 00 00 
              00 00 00 
              00 00 00 
              00 00 00 
              00 00 00 
              00 00 00 
              00 00 00 
              00 00 00 
              00 00 00 
              00 00 00 
              00 00 00 
              00 00 00 
              00 00 00 
              00 00 00 
              00 00 00 
              00 00 00 
              00 00 00 
              00 00 00 
              00 00 00 
              00 00 00 
              00 00 00 
              00 00 00 
              00 00 00 
              00 00 00 
              00 00 00 
              00 00 00 
              00 00 00 
              00 00 00 
              00 00 00 
              00 00 00 
              00 00 00 
              00 00 00 
              00 00 00 
              00 00 00 
              00 00 00 
              00 00 00 
              00 00 00 
              00 00 00 
              00 00 00 
              00 00 00 
              00 00 00 
              00 00 00 
              00 00 00 
              00 00 00 
              00 00 00 
              00 00 00 
              00 00 00 
              00 00 00 
              00 00 00 
              00 00 00 
              00 00 00 
              00 00 00 
              00 00 00 
              00 00 00 
              00 00 00 
              00 00 00 
              00 00 00 
              00 00 00 



ARM Macro Assembler    Page 19 


              00 00 00 
              00 00 00 
              00 00 00 
              00 00 00 
              00 00 00 
              00 00 00 
              00 00 00 
              00 00 00 
              00 00 00 
              00 00 00 
              00 00 00 
              00 00 00 
              00 00 00 
              00 00 00 
              00 00 00 
              00 00 00 
              00 00 00 
              00 00 00 
              00 00 00 
              00 00 00 
              00 00 00 
              00 00 00 
              00 00 00 
              00 00 00 
              00 00 00 
              00 00 00 
              00 00 00 
              00 00 00 
              00 00 00 
              00 00 00 
              00 00 00 
              00 00 00 
              00 00 00 
              00 00 00 
              00 00 00 
              00 00 00 
              00 00 00 
              00 00 00 
              00 00 00 
              00 00 00 
              00 00 00 
              00 00 00 
              00 00 00 
              00 00 00 
              00 00 00 
              00 00 00 
              00 00 00 
              00 00 00 
              00 00 00 
              00 00 00 
              00 00 00 
              00 00 00 
              00 00 00 
              00 00 00 
              00 00 00 
              00 00 00 
              00 00 00 
              00 00 00 
              00 00 00 



ARM Macro Assembler    Page 20 


              00 00 00 
              00 00 00 
              00 00 00 
              00 00 00 
              00 00 00 
              00 00 00 
              00 00 00 
              00 00 00 
              00 00 00 
              00 00 00 
              00 00 00 
              00 00 00 
              00 00 00 
              00 00 00 
              00 00 00 
              00 00 00 
              00 00 00 
              00 00 00 
              00 00 00 
              00 00 00 
              00 00 00 
              00 00 00 
              00 00 00 
              00 00 00 
              00 00 00 
              00 00 00 
              00 00 00 
              00 00 00 
              00 00 00 
              00 00 00 
              00 00 00 
              00 00 00 
              00 00 00 
              00 00 00 
              00 00 00 
              00 00 00 
              00 00 00 
              00 00 00 
              00 00 00 
              00 00 00 
              00 00 00 
              00 00 00 
              00 00 00 
              00 00 00 
              00 00 00 
              00 00 00 
              00 00 00 
              00 00 00 
              00 00 00 
              00 00 00 
              00 00 00 
              00 00 00 
              00 00 00 
              00 00 00 
              00 00 00 
              00 00 00 
              00 00 00 
              00 00 00 
              00 00 00 



ARM Macro Assembler    Page 21 


              00 00 00 
              00 00 00 
              00 00 00 
              00 00 00 
              00 00 00 
              00 00 00 
              00 00 00 
              00 00 00 
              00 00 00 
              00 00 00 
              00 00 00 
              00 00 00 
              00 00 00 
              00 00 00 
              00 00 00 
              00 00 00 
              00 00 00 
              00 00 00 
              00 00 00 
              00 00 00 
              00 00 00 
              00 00 00 
              00 00 00 
              00 00 00 
              00 00 00 
              00 00 00 
              00 00 00 
              00 00 00 
              00 00 00 
              00 00 00 
              00 00 00 
              00 00 00 
              00 00 00 
              00 00 00 
              00 00 00 
              00 00 00 
              00 00 00 
              00 00 00 
              00 00 00 
              00 00 00 
              00 00 00 
              00 00 00 
              00 00 00 
              00 00 00 
              00 00 00 
              00 00 00 
              00 00 00 
              00 00 00 
              00 00 00 
              00 00 00 
              00 00 00 
              00 00 00 
              00 00 00 
              00 00 00 
              00 00 00 
              00 00 00 
              00 00 00 
              00 00 00 
              00 00 00 



ARM Macro Assembler    Page 22 


              00 00 00 
              00 00 00 
              00 00 00 
              00 00 00 
              00 00 00 
              00 00 00 
              00 00 00 
              00 00 00 
              00 00 00 
              00 00 00 
              00 00 00 
              00 00 00 
              00 00 00 
              00 00 00 
              00 00 00 
              00 00 00 
              00 00 00 
              00 00 00 
              00 00 00 
              00 00 00 
              00 00 00 
              00 00 00 
              00 00 00 
              00 00 00 
              00 00 00 
              00 00 00 
              00 00 00 
              00 00 00 
              00 00 00 
              00 00 00 
              00 00 00 
              00 00 00 
              00 00 00 
              00 00 00 
              00 00 00 
              00 00 00 
              00 00 00 
              00 00 00 
              00 00 00 
              00 00 00 
              00 00 00 
              00 00 00 
              00 00 00 
              00 00 00 
              00 00 00 
              00 00 00 
              00 00 00 
              00 00 00 
              00 00 00 
              00 00 00 
              00 00 00 
              00 00 00 
              00 00 00 
              00 00 00 
              00 00 00 
              00 00 00 
              00 00 00 
              00 00 00 
              00 00 00 



ARM Macro Assembler    Page 23 


              00 00 00 
              00 00 00 
              00 00 00 
              00 00 00 
              00 00 00 
              00 00 00 
              00 00 00 
              00 00 00 
              00 00 00 
              00 00 00 
              00 00 00 
              00 00 00 
              00 00 00 
              00 00 00 
              00 00 00 
              00 00 00 
              00 00 00 
              00 00 00 
              00 00 00 
              00 00 00 
              00 00 00 
              00 00 00 
              00 00 00 
              00 00 00 
              00 00 00 
              00 00 00 
              00 00 00 
              00 00 00 
              00 00 00 
              00 00 00 
              00 00 00 
              00 00 00 
              00 00 00 
              00 00 00 
              00 00 00 
              00 00 00 
              00 00 00 
              00 00 00 
              00 00 00 
              00 00 00 
              00 00 00 
              00 00 00 
              00 00 00 
              00 00 00 
              00 00 00 
              00 00 00 
              00 00 00 
              00 00 00 
              00 00 00 
              00 00 00 
              00 00 00 
              00 00 00 
              00 00 00 
              00 00 00 
              00 00 00 
              00 00 00 
              00 00 00 
              00 00 00 
              00 00 00 



ARM Macro Assembler    Page 24 


              00 00 00 
              00 00 00 
              00 00 00 
              00 00 00 
              00 00 00 
              00 00 00 
              00 00 00 
              00 00 00 
              00 00 00 
              00 00 00 
              00 00 00 
              00 00 00 
              00 00 00 
              00 00 00 
              00 00 00 
              00 00 00 
              00 00 00 
              00 00 00 
              00 00 00 
              00 00 00 
              00 00 00 
              00 00 00 
              00 00 00 
              00 00 00 
              00 00 00 
              00 00 00 
              00 00 00 
              00 00 00 
              00 00 00 
              00 00 00 
              00 00 00 
              00 00 00 
              00 00 00 
              00 00 00 
              00 00 00 
              00 00 00 
              00 00 00 
              00 00 00 
              00 00 00 
              00 00 00 
              00 00 00 
              00 00 00 
              00 00 00 
              00 00 00 
              00 00 00 
              00 00 00 
              00 00 00 
              00 00 00 
              00 00 00 
              00 00 00 
              00 00 00 
              00 00 00 
              00 00 00 
              00 00 00 
              00 00 00 
              00 00 00 
              00 00 00 
              00 00 00 
              00 00 00 



ARM Macro Assembler    Page 25 


              00 00 00 
              00 00 00 
              00 00 00 
              00 00 00 
              00 00 00 
              00 00 00 
              00 00 00 
              00 00 00 
              00 00 00 
              00 00 00 
              00 00 00 
              00 00 00 
              00 00 00 
              00 00 00 
              00 00 00 
              00 00 00 
              00 00 00 
              00 00 00 
              00 00 00 
              00 00 00 
              00 00 00 
              00 00 00 
              00 00 00 
              00 00 00 
              00 00 00 
              00 00 00 
              00 00 00 
              00 00 00 
              00 00 00 
              00 00 00 
              00 00 00 
              00 00 00 
              00 00 00 
              00 00 00 
              00 00 00 
              00 00 00 
              00 00 00 
              00 00 00 
              00 00 00 
              00 00 00 
              00 00 00 
              00 00 00 
              00 00 00 
              00 00 00 
              00 00 00 
              00 00 00 
              00 00 00 
              00 00 00 
              00 00 00 
              00 00 00 
              00 00 00 
              00 00 00 
              00 00 00 
              00 00 00 
              00 00 00 
              00 00 00 
              00 00 00 
              00 00 00 
              00 00 00 



ARM Macro Assembler    Page 26 


              00 00 00 
              00 00 00 
              00 00 00 
              00 00 00 
              00 00 00 
              00 00 00 
              00 00 00 
              00 00 00 
              00 00 00 
              00 00 00 
              00 00 00 
              00 00 00 
              00 00 00 
              00 00 00 
              00 00 00 
              00 00 00 
              00 00 00 
              00 00 00 
              00 00 00 
              00 00 00 
              00 00 00 
              00 00 00 
              00 00 00 
              00 00 00 
              00 00 00 
              00 00 00 
              00 00 00 
              00 00 00 
              00 00 00 
              00 00 00 
              00       matrix  SPACE            4000
  121 00000FA0         
  122 00000FA0                 AREA             arrayInitialization, DATA, READ
ONLY
  123 00000000 00000004 
              0000001E 
              00000078 
              00000154 
              0000030C 
              00000612 array   DCD              4, 30, 120, 340, 780,1554
  124 00000018         
  125 00000018                 AREA             |.text|, CODE, READONLY
  126 00000000         
  127 00000000         
  128 00000000         ; Reset Handler
  129 00000000         
  130 00000000         Reset_Handler
                               PROC
  131 00000000                 EXPORT           Reset_Handler             [WEAK
]
  132 00000000         ;    IMPORT  SystemInit
  133 00000000         ;    IMPORT  __main
  134 00000000         ;   LDR     R0, =SystemInit
  135 00000000         ;    BLX     R0
  136 00000000         ;   LDR     R0, =__main
  137 00000000         ;   BX      R0
  138 00000000 485B            LDR              r0, =matrix
  139 00000002 495C            LDR              r1, =array
  140 00000004 F04F 0206       MOV              r2, #6



ARM Macro Assembler    Page 27 


  141 00000008 F7FF FFFE       BL               initializeMatrix
  142 0000000C         
  143 0000000C 4858            LDR              r0, =matrix
  144 0000000E F04F 0106       MOV              r1, #6
  145 00000012 F7FF FFFE       BL               computeDifferences
  146 00000016         
  147 00000016 4856            LDR              r0, =matrix
  148 00000018 F04F 0106       MOV              r1, #6
  149 0000001C F04F 020A       MOV              r2, #10
  150 00000020 F7FF FFFE       BL               getPolynomialValue
  151 00000024         
  152 00000024 E7FE    stop    B                stop
  153 00000026                 ENDP
  154 00000026         
  155 00000026         initializeMatrix
                               proc
  156 00000026 E92D 5FF0       push             {R4-R12,LR}
  157 0000002A 4605            mov              R5,R0
  158 0000002C 460C            mov              R4,R1
  159 0000002E F04F 0A00       mov              R10,#0
  160 00000032 F04F 0901       mov              R9,#1       ;col
  161 00000036 F04F 0801       mov              R8,#1       ;row
  162 0000003A         loop0
  163 0000003A 6826            ldr              R6,[R4]
  164 0000003C F104 0404       add              R4,#4
  165 00000040         
  166 00000040 F04F 0804       mov              R8,#4
  167 00000044 FB0A FC02       mul              R12,R10,R2
  168 00000048 FB0C FC08       mul              R12,R8
  169 0000004C 44AC            add              R12,R5
  170 0000004E F8CC 6000       str              R6,[R12]
  171 00000052 F10A 0A01       add              R10,#1
  172 00000056         
  173 00000056         
  174 00000056         
  175 00000056 4592            cmp              R10,R2
  176 00000058 D1EF            bne              loop0
  177 0000005A E8BD 9FF0       pop{R4-R12,PC}
  178 0000005E                 endp
  179 0000005E         
  180 0000005E         
  181 0000005E         computeDifferences
                               proc
  182 0000005E E92D 5FF0       push             {R4-R12,LR}
  183 00000062 4604            mov              r4,R0
  184 00000064 460D            mov              r5,r1
  185 00000066 F04F 0A01       mov              r10,#1
  186 0000006A F04F 0900       mov              r9,#0       ;col 
  187 0000006E F04F 0801       mov              r8,#1       ;row
  188 00000072         
  189 00000072 F04F 0B04       mov              R11,#4
  190 00000076 FB0B FB01       mul              R11,R11,R1
  191 0000007A         
  192 0000007A         loop1
  193 0000007A 6826            ldr              r6,[r4]
  194 0000007C 445C            add              R4,R11
  195 0000007E 6827            ldr              r7,[r4]
  196 00000080         
  197 00000080 EBA7 0C06       sub              r12,r7,r6



ARM Macro Assembler    Page 28 


  198 00000084 F04F 0704       mov              R7,#4
  199 00000088 FB07 F708       mul              R7,R7,R8
  200 0000008C F04F 0604       mov              R6,#4
  201 00000090 FB09 F606       mul              R6,R9,R6
  202 00000094 FB06 F605       mul              R6,R6,R5
  203 00000098 4437            add              R7,R6,R7
  204 0000009A 4407            add              R7, R0
  205 0000009C F8C7 C000       str              R12,[R7]
  206 000000A0 F109 0901       add              R9,#1
  207 000000A4 F10A 0A01       add              R10,#1
  208 000000A8 4592            cmp              R10,R2
  209 000000AA D1E6            bne              loop1
  210 000000AC F04F 0604       mov              R6,#4
  211 000000B0 FB06 F608       mul              R6,R6,R8
  212 000000B4 EB00 0406       add              r4,R0,R6
  213 000000B8 F108 0801       add              R8,#1
  214 000000BC F04F 0900       mov              R9,#0
  215 000000C0 46C2            mov              R10,R8
  216 000000C2 4590            cmp              R8,R2
  217 000000C4 D1D9            bne              loop1
  218 000000C6 E8BD 9FF0       pop              {R4-R12,PC}
  219 000000CA                 endp
  220 000000CA         
  221 000000CA         getPolynomialValue
                               proc
  222 000000CA E92D 5FF0       push             {R4-R12,LR}
  223 000000CE F04F 0901       mov              R9,#1
  224 000000D2 468C    loop3   mov              R12, R1
  225 000000D4 F04F 0404       mov              R4,#4
  226 000000D8 FB04 F401       mul              R4,R1
  227 000000DC 46A3            mov              R11,R4
  228 000000DE FB04 F409       mul              R4,R9
  229 000000E2 4627            mov              R7,R4
  230 000000E4         
  231 000000E4 4407            add              R7,R0
  232 000000E6 F1A7 0704       sub              R7,#4
  233 000000EA         loop2
  234 000000EA 683D            ldr              R5,[R7]
  235 000000EC 458C            cmp              R12,R1
  236 000000EE BF0C            ITE              eq
  237 000000F0 46B8            moveq            R8,R7
  238 000000F2 F107 0804       addne            R8,R7,#4
  239 000000F6 F8D8 8000       ldr              R8,[R8]
  240 000000FA BF18 4445       addne            R5,R8
  241 000000FE         ; Overflow Check
  242 000000FE F06F 4400       mov              R4,#0x7FFFFFFF
  243 00000102 42A5            cmp              R5,R4
  244 00000104 BFC8 4625       movgt            r5,R4
  245 00000108 F04F 4400       mov              R4,#0x80000000
  246 0000010C 42A5            cmp              R5,R4
  247 0000010E BFB8 4625       movlt            r5,R4
  248 00000112         
  249 00000112         
  250 00000112 EB07 060B       add              R6,R7,R11
  251 00000116 6035            str              R5,[R6]
  252 00000118 F1A7 0704       sub              R7,R7,#4
  253 0000011C 445F            add              R7,R11
  254 0000011E F1AC 0C01       sub              R12,#1
  255 00000122 F1BC 0F00       cmp              R12,#0



ARM Macro Assembler    Page 29 


  256 00000126 D1E0            bne              loop2
  257 00000128         
  258 00000128 F109 0901       add              R9,#1
  259 0000012C EBA2 0401       sub              r4,r2,r1
  260 00000130 F104 0401       add              r4,#1
  261 00000134 45A1            cmp              R9,R4
  262 00000136 D1CC            bne              loop3
  263 00000138         
  264 00000138 FB02 F401       mul              R4,R2,R1
  265 0000013C EBA4 0401       sub              R4,R1
  266 00000140         
  267 00000140 F04F 0504       mov              R5,#4
  268 00000144 FB04 F405       mul              R4,R4,R5
  269 00000148 4404            add              R4,r0
  270 0000014A 6820            ldr              R0,[R4]
  271 0000014C         
  272 0000014C         
  273 0000014C E8BD 9FF0       pop              {R4-R12,PC}
  274 00000150         endp
  275 00000150         
  276 00000150         ; Dummy Exception Handlers (infinite loops which can be 
                       modified)
  277 00000150         
  278 00000150         NMI_Handler
                               PROC
  279 00000150                 EXPORT           NMI_Handler               [WEAK
]
  280 00000150 E7FE            B                .
  281 00000152                 ENDP
  283 00000152         HardFault_Handler
                               PROC
  284 00000152                 EXPORT           HardFault_Handler         [WEAK
]
  285 00000152 E7FE            B                .
  286 00000154                 ENDP
  288 00000154         MemManage_Handler
                               PROC
  289 00000154                 EXPORT           MemManage_Handler         [WEAK
]
  290 00000154 E7FE            B                .
  291 00000156                 ENDP
  293 00000156         BusFault_Handler
                               PROC
  294 00000156                 EXPORT           BusFault_Handler          [WEAK
]
  295 00000156 E7FE            B                .
  296 00000158                 ENDP
  298 00000158         UsageFault_Handler
                               PROC
  299 00000158                 EXPORT           UsageFault_Handler        [WEAK
]
  300 00000158 E7FE            B                .
  301 0000015A                 ENDP
  302 0000015A         SVC_Handler
                               PROC
  303 0000015A                 EXPORT           SVC_Handler               [WEAK
]
  304 0000015A E7FE            B                .
  305 0000015C                 ENDP



ARM Macro Assembler    Page 30 


  307 0000015C         DebugMon_Handler
                               PROC
  308 0000015C                 EXPORT           DebugMon_Handler          [WEAK
]
  309 0000015C E7FE            B                .
  310 0000015E                 ENDP
  311 0000015E         PendSV_Handler
                               PROC
  312 0000015E                 EXPORT           PendSV_Handler            [WEAK
]
  313 0000015E E7FE            B                .
  314 00000160                 ENDP
  315 00000160         SysTick_Handler
                               PROC
  316 00000160                 EXPORT           SysTick_Handler           [WEAK
]
  317 00000160 E7FE            B                .
  318 00000162                 ENDP
  319 00000162         
  320 00000162         Default_Handler
                               PROC
  321 00000162         
  322 00000162                 EXPORT           WDT_IRQHandler            [WEAK
]
  323 00000162                 EXPORT           TIMER0_IRQHandler         [WEAK
]
  324 00000162                 EXPORT           TIMER1_IRQHandler         [WEAK
]
  325 00000162                 EXPORT           TIMER2_IRQHandler         [WEAK
]
  326 00000162                 EXPORT           TIMER3_IRQHandler         [WEAK
]
  327 00000162                 EXPORT           UART0_IRQHandler          [WEAK
]
  328 00000162                 EXPORT           UART1_IRQHandler          [WEAK
]
  329 00000162                 EXPORT           UART2_IRQHandler          [WEAK
]
  330 00000162                 EXPORT           UART3_IRQHandler          [WEAK
]
  331 00000162                 EXPORT           PWM1_IRQHandler           [WEAK
]
  332 00000162                 EXPORT           I2C0_IRQHandler           [WEAK
]
  333 00000162                 EXPORT           I2C1_IRQHandler           [WEAK
]
  334 00000162                 EXPORT           I2C2_IRQHandler           [WEAK
]
  335 00000162                 EXPORT           SPI_IRQHandler            [WEAK
]
  336 00000162                 EXPORT           SSP0_IRQHandler           [WEAK
]
  337 00000162                 EXPORT           SSP1_IRQHandler           [WEAK
]
  338 00000162                 EXPORT           PLL0_IRQHandler           [WEAK
]
  339 00000162                 EXPORT           RTC_IRQHandler            [WEAK
]
  340 00000162                 EXPORT           EINT0_IRQHandler          [WEAK



ARM Macro Assembler    Page 31 


]
  341 00000162                 EXPORT           EINT1_IRQHandler          [WEAK
]
  342 00000162                 EXPORT           EINT2_IRQHandler          [WEAK
]
  343 00000162                 EXPORT           EINT3_IRQHandler          [WEAK
]
  344 00000162                 EXPORT           ADC_IRQHandler            [WEAK
]
  345 00000162                 EXPORT           BOD_IRQHandler            [WEAK
]
  346 00000162                 EXPORT           USB_IRQHandler            [WEAK
]
  347 00000162                 EXPORT           CAN_IRQHandler            [WEAK
]
  348 00000162                 EXPORT           DMA_IRQHandler            [WEAK
]
  349 00000162                 EXPORT           I2S_IRQHandler            [WEAK
]
  350 00000162                 EXPORT           ENET_IRQHandler           [WEAK
]
  351 00000162                 EXPORT           RIT_IRQHandler            [WEAK
]
  352 00000162                 EXPORT           MCPWM_IRQHandler          [WEAK
]
  353 00000162                 EXPORT           QEI_IRQHandler            [WEAK
]
  354 00000162                 EXPORT           PLL1_IRQHandler           [WEAK
]
  355 00000162                 EXPORT           USBActivity_IRQHandler    [WEAK
]
  356 00000162                 EXPORT           CANActivity_IRQHandler    [WEAK
]
  357 00000162         
  358 00000162         WDT_IRQHandler
  359 00000162         TIMER0_IRQHandler
  360 00000162         TIMER1_IRQHandler
  361 00000162         TIMER2_IRQHandler
  362 00000162         TIMER3_IRQHandler
  363 00000162         UART0_IRQHandler
  364 00000162         UART1_IRQHandler
  365 00000162         UART2_IRQHandler
  366 00000162         UART3_IRQHandler
  367 00000162         PWM1_IRQHandler
  368 00000162         I2C0_IRQHandler
  369 00000162         I2C1_IRQHandler
  370 00000162         I2C2_IRQHandler
  371 00000162         SPI_IRQHandler
  372 00000162         SSP0_IRQHandler
  373 00000162         SSP1_IRQHandler
  374 00000162         PLL0_IRQHandler
  375 00000162         RTC_IRQHandler
  376 00000162         EINT0_IRQHandler
  377 00000162         EINT1_IRQHandler
  378 00000162         EINT2_IRQHandler
  379 00000162         EINT3_IRQHandler
  380 00000162         ADC_IRQHandler
  381 00000162         BOD_IRQHandler
  382 00000162         USB_IRQHandler



ARM Macro Assembler    Page 32 


  383 00000162         CAN_IRQHandler
  384 00000162         DMA_IRQHandler
  385 00000162         I2S_IRQHandler
  386 00000162         ENET_IRQHandler
  387 00000162         RIT_IRQHandler
  388 00000162         MCPWM_IRQHandler
  389 00000162         QEI_IRQHandler
  390 00000162         PLL1_IRQHandler
  391 00000162         USBActivity_IRQHandler
  392 00000162         CANActivity_IRQHandler
  393 00000162         
  394 00000162 E7FE            B                .
  395 00000164         
  396 00000164                 ENDP
  397 00000164         
  398 00000164         
  399 00000164                 ALIGN
  400 00000164         
  401 00000164         
  402 00000164         ; User Initial Stack & Heap
  403 00000164         
  404 00000164                 IF               :DEF:__MICROLIB
  411 00000164         
  412 00000164                 IMPORT           __use_two_region_memory
  413 00000164                 EXPORT           __user_initial_stackheap
  414 00000164         __user_initial_stackheap
  415 00000164         
  416 00000164 4804            LDR              R0, =  Heap_Mem
  417 00000166 4905            LDR              R1, =(Stack_Mem + Stack_Size)
  418 00000168 4A03            LDR              R2, = (Heap_Mem +  Heap_Size)
  419 0000016A 4B05            LDR              R3, = Stack_Mem
  420 0000016C 4770            BX               LR
  421 0000016E         
  422 0000016E 00 00           ALIGN
  423 00000170         
  424 00000170                 ENDIF
  425 00000170         
  426 00000170         
  427 00000170                 END
              00000000 
              00000000 
              00000000 
              00000200 
              00000000 
Command Line: --debug --xref --diag_suppress=9931 --cpu=Cortex-M3 --apcs=interw
ork --depend=.\objects\startup_lpc17xx.d -o.\objects\startup_lpc17xx.o -I.\RTE\
Device\LPC1768 -I.\RTE\_Target_1 -IC:\Users\Behi\AppData\Local\Arm\Packs\ARM\CM
SIS\5.6.0\CMSIS\Core\Include -IC:\Users\Behi\AppData\Local\Arm\Packs\Keil\LPC17
00_DFP\2.6.0\Device\Include --predefine="__UVISION_VERSION SETA 529" --predefin
e="_RTE_ SETA 1" --predefine="LPC175x_6x SETA 1" --list=.\listings\startup_lpc1
7xx.lst RTE\Device\LPC1768\startup_LPC17xx.s



ARM Macro Assembler    Page 1 Alphabetic symbol ordering
Relocatable symbols

STACK 00000000

Symbol: STACK
   Definitions
      At line 33 in file RTE\Device\LPC1768\startup_LPC17xx.s
   Uses
      None
Comment: STACK unused
Stack_Mem 00000000

Symbol: Stack_Mem
   Definitions
      At line 34 in file RTE\Device\LPC1768\startup_LPC17xx.s
   Uses
      At line 417 in file RTE\Device\LPC1768\startup_LPC17xx.s
      At line 419 in file RTE\Device\LPC1768\startup_LPC17xx.s

__initial_sp 00000200

Symbol: __initial_sp
   Definitions
      At line 35 in file RTE\Device\LPC1768\startup_LPC17xx.s
   Uses
      At line 59 in file RTE\Device\LPC1768\startup_LPC17xx.s
Comment: __initial_sp used once
3 symbols



ARM Macro Assembler    Page 1 Alphabetic symbol ordering
Relocatable symbols

HEAP 00000000

Symbol: HEAP
   Definitions
      At line 44 in file RTE\Device\LPC1768\startup_LPC17xx.s
   Uses
      None
Comment: HEAP unused
Heap_Mem 00000000

Symbol: Heap_Mem
   Definitions
      At line 46 in file RTE\Device\LPC1768\startup_LPC17xx.s
   Uses
      At line 416 in file RTE\Device\LPC1768\startup_LPC17xx.s
      At line 418 in file RTE\Device\LPC1768\startup_LPC17xx.s

__heap_base 00000000

Symbol: __heap_base
   Definitions
      At line 45 in file RTE\Device\LPC1768\startup_LPC17xx.s
   Uses
      None
Comment: __heap_base unused
__heap_limit 00000000

Symbol: __heap_limit
   Definitions
      At line 47 in file RTE\Device\LPC1768\startup_LPC17xx.s
   Uses
      None
Comment: __heap_limit unused
4 symbols



ARM Macro Assembler    Page 1 Alphabetic symbol ordering
Relocatable symbols

RESET 00000000

Symbol: RESET
   Definitions
      At line 56 in file RTE\Device\LPC1768\startup_LPC17xx.s
   Uses
      None
Comment: RESET unused
__Vectors 00000000

Symbol: __Vectors
   Definitions
      At line 59 in file RTE\Device\LPC1768\startup_LPC17xx.s
   Uses
      At line 57 in file RTE\Device\LPC1768\startup_LPC17xx.s
Comment: __Vectors used once
2 symbols



ARM Macro Assembler    Page 1 Alphabetic symbol ordering
Relocatable symbols

.ARM.__at_0x02FC 00000000

Symbol: .ARM.__at_0x02FC
   Definitions
      At line 115 in file RTE\Device\LPC1768\startup_LPC17xx.s
   Uses
      None
Comment: .ARM.__at_0x02FC unused
CRP_Key 00000000

Symbol: CRP_Key
   Definitions
      At line 116 in file RTE\Device\LPC1768\startup_LPC17xx.s
   Uses
      None
Comment: CRP_Key unused
2 symbols



ARM Macro Assembler    Page 1 Alphabetic symbol ordering
Relocatable symbols

matrix 00000000

Symbol: matrix
   Definitions
      At line 120 in file RTE\Device\LPC1768\startup_LPC17xx.s
   Uses
      At line 138 in file RTE\Device\LPC1768\startup_LPC17xx.s
      At line 143 in file RTE\Device\LPC1768\startup_LPC17xx.s
      At line 147 in file RTE\Device\LPC1768\startup_LPC17xx.s

matrixDeclaration 00000000

Symbol: matrixDeclaration
   Definitions
      At line 119 in file RTE\Device\LPC1768\startup_LPC17xx.s
   Uses
      None
Comment: matrixDeclaration unused
2 symbols



ARM Macro Assembler    Page 1 Alphabetic symbol ordering
Relocatable symbols

array 00000000

Symbol: array
   Definitions
      At line 123 in file RTE\Device\LPC1768\startup_LPC17xx.s
   Uses
      At line 139 in file RTE\Device\LPC1768\startup_LPC17xx.s
Comment: array used once
arrayInitialization 00000000

Symbol: arrayInitialization
   Definitions
      At line 122 in file RTE\Device\LPC1768\startup_LPC17xx.s
   Uses
      None
Comment: arrayInitialization unused
2 symbols



ARM Macro Assembler    Page 1 Alphabetic symbol ordering
Relocatable symbols

.text 00000000

Symbol: .text
   Definitions
      At line 125 in file RTE\Device\LPC1768\startup_LPC17xx.s
   Uses
      None
Comment: .text unused
ADC_IRQHandler 00000162

Symbol: ADC_IRQHandler
   Definitions
      At line 380 in file RTE\Device\LPC1768\startup_LPC17xx.s
   Uses
      At line 99 in file RTE\Device\LPC1768\startup_LPC17xx.s
      At line 344 in file RTE\Device\LPC1768\startup_LPC17xx.s

BOD_IRQHandler 00000162

Symbol: BOD_IRQHandler
   Definitions
      At line 381 in file RTE\Device\LPC1768\startup_LPC17xx.s
   Uses
      At line 100 in file RTE\Device\LPC1768\startup_LPC17xx.s
      At line 345 in file RTE\Device\LPC1768\startup_LPC17xx.s

BusFault_Handler 00000156

Symbol: BusFault_Handler
   Definitions
      At line 293 in file RTE\Device\LPC1768\startup_LPC17xx.s
   Uses
      At line 64 in file RTE\Device\LPC1768\startup_LPC17xx.s
      At line 294 in file RTE\Device\LPC1768\startup_LPC17xx.s

CANActivity_IRQHandler 00000162

Symbol: CANActivity_IRQHandler
   Definitions
      At line 392 in file RTE\Device\LPC1768\startup_LPC17xx.s
   Uses
      At line 111 in file RTE\Device\LPC1768\startup_LPC17xx.s
      At line 356 in file RTE\Device\LPC1768\startup_LPC17xx.s

CAN_IRQHandler 00000162

Symbol: CAN_IRQHandler
   Definitions
      At line 383 in file RTE\Device\LPC1768\startup_LPC17xx.s
   Uses
      At line 102 in file RTE\Device\LPC1768\startup_LPC17xx.s
      At line 347 in file RTE\Device\LPC1768\startup_LPC17xx.s

DMA_IRQHandler 00000162

Symbol: DMA_IRQHandler
   Definitions
      At line 384 in file RTE\Device\LPC1768\startup_LPC17xx.s
   Uses



ARM Macro Assembler    Page 2 Alphabetic symbol ordering
Relocatable symbols

      At line 103 in file RTE\Device\LPC1768\startup_LPC17xx.s
      At line 348 in file RTE\Device\LPC1768\startup_LPC17xx.s

DebugMon_Handler 0000015C

Symbol: DebugMon_Handler
   Definitions
      At line 307 in file RTE\Device\LPC1768\startup_LPC17xx.s
   Uses
      At line 71 in file RTE\Device\LPC1768\startup_LPC17xx.s
      At line 308 in file RTE\Device\LPC1768\startup_LPC17xx.s

Default_Handler 00000162

Symbol: Default_Handler
   Definitions
      At line 320 in file RTE\Device\LPC1768\startup_LPC17xx.s
   Uses
      None
Comment: Default_Handler unused
EINT0_IRQHandler 00000162

Symbol: EINT0_IRQHandler
   Definitions
      At line 376 in file RTE\Device\LPC1768\startup_LPC17xx.s
   Uses
      At line 95 in file RTE\Device\LPC1768\startup_LPC17xx.s
      At line 340 in file RTE\Device\LPC1768\startup_LPC17xx.s

EINT1_IRQHandler 00000162

Symbol: EINT1_IRQHandler
   Definitions
      At line 377 in file RTE\Device\LPC1768\startup_LPC17xx.s
   Uses
      At line 96 in file RTE\Device\LPC1768\startup_LPC17xx.s
      At line 341 in file RTE\Device\LPC1768\startup_LPC17xx.s

EINT2_IRQHandler 00000162

Symbol: EINT2_IRQHandler
   Definitions
      At line 378 in file RTE\Device\LPC1768\startup_LPC17xx.s
   Uses
      At line 97 in file RTE\Device\LPC1768\startup_LPC17xx.s
      At line 342 in file RTE\Device\LPC1768\startup_LPC17xx.s

EINT3_IRQHandler 00000162

Symbol: EINT3_IRQHandler
   Definitions
      At line 379 in file RTE\Device\LPC1768\startup_LPC17xx.s
   Uses
      At line 98 in file RTE\Device\LPC1768\startup_LPC17xx.s
      At line 343 in file RTE\Device\LPC1768\startup_LPC17xx.s

ENET_IRQHandler 00000162

Symbol: ENET_IRQHandler



ARM Macro Assembler    Page 3 Alphabetic symbol ordering
Relocatable symbols

   Definitions
      At line 386 in file RTE\Device\LPC1768\startup_LPC17xx.s
   Uses
      At line 105 in file RTE\Device\LPC1768\startup_LPC17xx.s
      At line 350 in file RTE\Device\LPC1768\startup_LPC17xx.s

HardFault_Handler 00000152

Symbol: HardFault_Handler
   Definitions
      At line 283 in file RTE\Device\LPC1768\startup_LPC17xx.s
   Uses
      At line 62 in file RTE\Device\LPC1768\startup_LPC17xx.s
      At line 284 in file RTE\Device\LPC1768\startup_LPC17xx.s

I2C0_IRQHandler 00000162

Symbol: I2C0_IRQHandler
   Definitions
      At line 368 in file RTE\Device\LPC1768\startup_LPC17xx.s
   Uses
      At line 87 in file RTE\Device\LPC1768\startup_LPC17xx.s
      At line 332 in file RTE\Device\LPC1768\startup_LPC17xx.s

I2C1_IRQHandler 00000162

Symbol: I2C1_IRQHandler
   Definitions
      At line 369 in file RTE\Device\LPC1768\startup_LPC17xx.s
   Uses
      At line 88 in file RTE\Device\LPC1768\startup_LPC17xx.s
      At line 333 in file RTE\Device\LPC1768\startup_LPC17xx.s

I2C2_IRQHandler 00000162

Symbol: I2C2_IRQHandler
   Definitions
      At line 370 in file RTE\Device\LPC1768\startup_LPC17xx.s
   Uses
      At line 89 in file RTE\Device\LPC1768\startup_LPC17xx.s
      At line 334 in file RTE\Device\LPC1768\startup_LPC17xx.s

I2S_IRQHandler 00000162

Symbol: I2S_IRQHandler
   Definitions
      At line 385 in file RTE\Device\LPC1768\startup_LPC17xx.s
   Uses
      At line 104 in file RTE\Device\LPC1768\startup_LPC17xx.s
      At line 349 in file RTE\Device\LPC1768\startup_LPC17xx.s

MCPWM_IRQHandler 00000162

Symbol: MCPWM_IRQHandler
   Definitions
      At line 388 in file RTE\Device\LPC1768\startup_LPC17xx.s
   Uses
      At line 107 in file RTE\Device\LPC1768\startup_LPC17xx.s
      At line 352 in file RTE\Device\LPC1768\startup_LPC17xx.s



ARM Macro Assembler    Page 4 Alphabetic symbol ordering
Relocatable symbols


MemManage_Handler 00000154

Symbol: MemManage_Handler
   Definitions
      At line 288 in file RTE\Device\LPC1768\startup_LPC17xx.s
   Uses
      At line 63 in file RTE\Device\LPC1768\startup_LPC17xx.s
      At line 289 in file RTE\Device\LPC1768\startup_LPC17xx.s

NMI_Handler 00000150

Symbol: NMI_Handler
   Definitions
      At line 278 in file RTE\Device\LPC1768\startup_LPC17xx.s
   Uses
      At line 61 in file RTE\Device\LPC1768\startup_LPC17xx.s
      At line 279 in file RTE\Device\LPC1768\startup_LPC17xx.s

PLL0_IRQHandler 00000162

Symbol: PLL0_IRQHandler
   Definitions
      At line 374 in file RTE\Device\LPC1768\startup_LPC17xx.s
   Uses
      At line 93 in file RTE\Device\LPC1768\startup_LPC17xx.s
      At line 338 in file RTE\Device\LPC1768\startup_LPC17xx.s

PLL1_IRQHandler 00000162

Symbol: PLL1_IRQHandler
   Definitions
      At line 390 in file RTE\Device\LPC1768\startup_LPC17xx.s
   Uses
      At line 109 in file RTE\Device\LPC1768\startup_LPC17xx.s
      At line 354 in file RTE\Device\LPC1768\startup_LPC17xx.s

PWM1_IRQHandler 00000162

Symbol: PWM1_IRQHandler
   Definitions
      At line 367 in file RTE\Device\LPC1768\startup_LPC17xx.s
   Uses
      At line 86 in file RTE\Device\LPC1768\startup_LPC17xx.s
      At line 331 in file RTE\Device\LPC1768\startup_LPC17xx.s

PendSV_Handler 0000015E

Symbol: PendSV_Handler
   Definitions
      At line 311 in file RTE\Device\LPC1768\startup_LPC17xx.s
   Uses
      At line 73 in file RTE\Device\LPC1768\startup_LPC17xx.s
      At line 312 in file RTE\Device\LPC1768\startup_LPC17xx.s

QEI_IRQHandler 00000162

Symbol: QEI_IRQHandler
   Definitions



ARM Macro Assembler    Page 5 Alphabetic symbol ordering
Relocatable symbols

      At line 389 in file RTE\Device\LPC1768\startup_LPC17xx.s
   Uses
      At line 108 in file RTE\Device\LPC1768\startup_LPC17xx.s
      At line 353 in file RTE\Device\LPC1768\startup_LPC17xx.s

RIT_IRQHandler 00000162

Symbol: RIT_IRQHandler
   Definitions
      At line 387 in file RTE\Device\LPC1768\startup_LPC17xx.s
   Uses
      At line 106 in file RTE\Device\LPC1768\startup_LPC17xx.s
      At line 351 in file RTE\Device\LPC1768\startup_LPC17xx.s

RTC_IRQHandler 00000162

Symbol: RTC_IRQHandler
   Definitions
      At line 375 in file RTE\Device\LPC1768\startup_LPC17xx.s
   Uses
      At line 94 in file RTE\Device\LPC1768\startup_LPC17xx.s
      At line 339 in file RTE\Device\LPC1768\startup_LPC17xx.s

Reset_Handler 00000000

Symbol: Reset_Handler
   Definitions
      At line 130 in file RTE\Device\LPC1768\startup_LPC17xx.s
   Uses
      At line 60 in file RTE\Device\LPC1768\startup_LPC17xx.s
      At line 131 in file RTE\Device\LPC1768\startup_LPC17xx.s

SPI_IRQHandler 00000162

Symbol: SPI_IRQHandler
   Definitions
      At line 371 in file RTE\Device\LPC1768\startup_LPC17xx.s
   Uses
      At line 90 in file RTE\Device\LPC1768\startup_LPC17xx.s
      At line 335 in file RTE\Device\LPC1768\startup_LPC17xx.s

SSP0_IRQHandler 00000162

Symbol: SSP0_IRQHandler
   Definitions
      At line 372 in file RTE\Device\LPC1768\startup_LPC17xx.s
   Uses
      At line 91 in file RTE\Device\LPC1768\startup_LPC17xx.s
      At line 336 in file RTE\Device\LPC1768\startup_LPC17xx.s

SSP1_IRQHandler 00000162

Symbol: SSP1_IRQHandler
   Definitions
      At line 373 in file RTE\Device\LPC1768\startup_LPC17xx.s
   Uses
      At line 92 in file RTE\Device\LPC1768\startup_LPC17xx.s
      At line 337 in file RTE\Device\LPC1768\startup_LPC17xx.s




ARM Macro Assembler    Page 6 Alphabetic symbol ordering
Relocatable symbols

SVC_Handler 0000015A

Symbol: SVC_Handler
   Definitions
      At line 302 in file RTE\Device\LPC1768\startup_LPC17xx.s
   Uses
      At line 70 in file RTE\Device\LPC1768\startup_LPC17xx.s
      At line 303 in file RTE\Device\LPC1768\startup_LPC17xx.s

SysTick_Handler 00000160

Symbol: SysTick_Handler
   Definitions
      At line 315 in file RTE\Device\LPC1768\startup_LPC17xx.s
   Uses
      At line 74 in file RTE\Device\LPC1768\startup_LPC17xx.s
      At line 316 in file RTE\Device\LPC1768\startup_LPC17xx.s

TIMER0_IRQHandler 00000162

Symbol: TIMER0_IRQHandler
   Definitions
      At line 359 in file RTE\Device\LPC1768\startup_LPC17xx.s
   Uses
      At line 78 in file RTE\Device\LPC1768\startup_LPC17xx.s
      At line 323 in file RTE\Device\LPC1768\startup_LPC17xx.s

TIMER1_IRQHandler 00000162

Symbol: TIMER1_IRQHandler
   Definitions
      At line 360 in file RTE\Device\LPC1768\startup_LPC17xx.s
   Uses
      At line 79 in file RTE\Device\LPC1768\startup_LPC17xx.s
      At line 324 in file RTE\Device\LPC1768\startup_LPC17xx.s

TIMER2_IRQHandler 00000162

Symbol: TIMER2_IRQHandler
   Definitions
      At line 361 in file RTE\Device\LPC1768\startup_LPC17xx.s
   Uses
      At line 80 in file RTE\Device\LPC1768\startup_LPC17xx.s
      At line 325 in file RTE\Device\LPC1768\startup_LPC17xx.s

TIMER3_IRQHandler 00000162

Symbol: TIMER3_IRQHandler
   Definitions
      At line 362 in file RTE\Device\LPC1768\startup_LPC17xx.s
   Uses
      At line 81 in file RTE\Device\LPC1768\startup_LPC17xx.s
      At line 326 in file RTE\Device\LPC1768\startup_LPC17xx.s

UART0_IRQHandler 00000162

Symbol: UART0_IRQHandler
   Definitions
      At line 363 in file RTE\Device\LPC1768\startup_LPC17xx.s



ARM Macro Assembler    Page 7 Alphabetic symbol ordering
Relocatable symbols

   Uses
      At line 82 in file RTE\Device\LPC1768\startup_LPC17xx.s
      At line 327 in file RTE\Device\LPC1768\startup_LPC17xx.s

UART1_IRQHandler 00000162

Symbol: UART1_IRQHandler
   Definitions
      At line 364 in file RTE\Device\LPC1768\startup_LPC17xx.s
   Uses
      At line 83 in file RTE\Device\LPC1768\startup_LPC17xx.s
      At line 328 in file RTE\Device\LPC1768\startup_LPC17xx.s

UART2_IRQHandler 00000162

Symbol: UART2_IRQHandler
   Definitions
      At line 365 in file RTE\Device\LPC1768\startup_LPC17xx.s
   Uses
      At line 84 in file RTE\Device\LPC1768\startup_LPC17xx.s
      At line 329 in file RTE\Device\LPC1768\startup_LPC17xx.s

UART3_IRQHandler 00000162

Symbol: UART3_IRQHandler
   Definitions
      At line 366 in file RTE\Device\LPC1768\startup_LPC17xx.s
   Uses
      At line 85 in file RTE\Device\LPC1768\startup_LPC17xx.s
      At line 330 in file RTE\Device\LPC1768\startup_LPC17xx.s

USBActivity_IRQHandler 00000162

Symbol: USBActivity_IRQHandler
   Definitions
      At line 391 in file RTE\Device\LPC1768\startup_LPC17xx.s
   Uses
      At line 110 in file RTE\Device\LPC1768\startup_LPC17xx.s
      At line 355 in file RTE\Device\LPC1768\startup_LPC17xx.s

USB_IRQHandler 00000162

Symbol: USB_IRQHandler
   Definitions
      At line 382 in file RTE\Device\LPC1768\startup_LPC17xx.s
   Uses
      At line 101 in file RTE\Device\LPC1768\startup_LPC17xx.s
      At line 346 in file RTE\Device\LPC1768\startup_LPC17xx.s

UsageFault_Handler 00000158

Symbol: UsageFault_Handler
   Definitions
      At line 298 in file RTE\Device\LPC1768\startup_LPC17xx.s
   Uses
      At line 65 in file RTE\Device\LPC1768\startup_LPC17xx.s
      At line 299 in file RTE\Device\LPC1768\startup_LPC17xx.s

WDT_IRQHandler 00000162



ARM Macro Assembler    Page 8 Alphabetic symbol ordering
Relocatable symbols


Symbol: WDT_IRQHandler
   Definitions
      At line 358 in file RTE\Device\LPC1768\startup_LPC17xx.s
   Uses
      At line 77 in file RTE\Device\LPC1768\startup_LPC17xx.s
      At line 322 in file RTE\Device\LPC1768\startup_LPC17xx.s

__user_initial_stackheap 00000164

Symbol: __user_initial_stackheap
   Definitions
      At line 414 in file RTE\Device\LPC1768\startup_LPC17xx.s
   Uses
      At line 413 in file RTE\Device\LPC1768\startup_LPC17xx.s
Comment: __user_initial_stackheap used once
computeDifferences 0000005E

Symbol: computeDifferences
   Definitions
      At line 181 in file RTE\Device\LPC1768\startup_LPC17xx.s
   Uses
      At line 145 in file RTE\Device\LPC1768\startup_LPC17xx.s
Comment: computeDifferences used once
endp 00000150

Symbol: endp
   Definitions
      At line 274 in file RTE\Device\LPC1768\startup_LPC17xx.s
   Uses
      None
Comment: endp unused
getPolynomialValue 000000CA

Symbol: getPolynomialValue
   Definitions
      At line 221 in file RTE\Device\LPC1768\startup_LPC17xx.s
   Uses
      At line 150 in file RTE\Device\LPC1768\startup_LPC17xx.s
Comment: getPolynomialValue used once
initializeMatrix 00000026

Symbol: initializeMatrix
   Definitions
      At line 155 in file RTE\Device\LPC1768\startup_LPC17xx.s
   Uses
      At line 141 in file RTE\Device\LPC1768\startup_LPC17xx.s
Comment: initializeMatrix used once
loop0 0000003A

Symbol: loop0
   Definitions
      At line 162 in file RTE\Device\LPC1768\startup_LPC17xx.s
   Uses
      At line 176 in file RTE\Device\LPC1768\startup_LPC17xx.s
Comment: loop0 used once
loop1 0000007A

Symbol: loop1



ARM Macro Assembler    Page 9 Alphabetic symbol ordering
Relocatable symbols

   Definitions
      At line 192 in file RTE\Device\LPC1768\startup_LPC17xx.s
   Uses
      At line 209 in file RTE\Device\LPC1768\startup_LPC17xx.s
      At line 217 in file RTE\Device\LPC1768\startup_LPC17xx.s

loop2 000000EA

Symbol: loop2
   Definitions
      At line 233 in file RTE\Device\LPC1768\startup_LPC17xx.s
   Uses
      At line 256 in file RTE\Device\LPC1768\startup_LPC17xx.s
Comment: loop2 used once
loop3 000000D2

Symbol: loop3
   Definitions
      At line 224 in file RTE\Device\LPC1768\startup_LPC17xx.s
   Uses
      At line 262 in file RTE\Device\LPC1768\startup_LPC17xx.s
Comment: loop3 used once
stop 00000024

Symbol: stop
   Definitions
      At line 152 in file RTE\Device\LPC1768\startup_LPC17xx.s
   Uses
      At line 152 in file RTE\Device\LPC1768\startup_LPC17xx.s
Comment: stop used once
57 symbols



ARM Macro Assembler    Page 1 Alphabetic symbol ordering
Absolute symbols

Heap_Size 00000000

Symbol: Heap_Size
   Definitions
      At line 42 in file RTE\Device\LPC1768\startup_LPC17xx.s
   Uses
      At line 46 in file RTE\Device\LPC1768\startup_LPC17xx.s
      At line 418 in file RTE\Device\LPC1768\startup_LPC17xx.s

Stack_Size 00000200

Symbol: Stack_Size
   Definitions
      At line 31 in file RTE\Device\LPC1768\startup_LPC17xx.s
   Uses
      At line 34 in file RTE\Device\LPC1768\startup_LPC17xx.s
      At line 417 in file RTE\Device\LPC1768\startup_LPC17xx.s

2 symbols



ARM Macro Assembler    Page 1 Alphabetic symbol ordering
External symbols

__use_two_region_memory 00000000

Symbol: __use_two_region_memory
   Definitions
      At line 412 in file RTE\Device\LPC1768\startup_LPC17xx.s
   Uses
      None
Comment: __use_two_region_memory unused
1 symbol
414 symbols in table
